16:12:55 **** Clean-only build of configuration Debug for project Parcial_labo_2 ****
rm -rf src/LinkedList.d src/Parcial_labo_2.d Parcial_labo_2.exe src/parser.d src/Cliente.o src/LinkedList.o src/Controller.o src/menu.o src/Ventas.d src/validaciones.o src/Ventas.o src/validaciones.d src/menu.d src/Cliente.d src/parser.o src/Controller.d src/Parcial_labo_2.o 
16:13:02 **** Rebuild of configuration Debug for project Parcial_labo_2 ****
Info: Internal Builder is used for build
gcc -O0 -g3 -Wall -c -fmessage-length=0 -o "src\\Controller.o" "..\\src\\Controller.c" 
gcc -O0 -g3 -Wall -c -fmessage-length=0 -o "src\\LinkedList.o" "..\\src\\LinkedList.c" 
gcc -O0 -g3 -Wall -c -fmessage-length=0 -o "src\\Ventas.o" "..\\src\\Ventas.c" 
gcc -O0 -g3 -Wall -c -fmessage-length=0 -o "src\\validaciones.o" "..\\src\\validaciones.c" 
gcc -O0 -g3 -Wall -c -fmessage-length=0 -o "src\\parser.o" "..\\src\\parser.c" 
gcc -O0 -g3 -Wall -c -fmessage-length=0 -o "src\\Cliente.o" "..\\src\\Cliente.c" 
gcc -O0 -g3 -Wall -c -fmessage-length=0 -o "src\\Parcial_labo_2.o" "..\\src\\Parcial_labo_2.c" 
gcc -O0 -g3 -Wall -c -fmessage-length=0 -o "src\\menu.o" "..\\src\\menu.c" 
gcc -o Parcial_labo_2.exe "src\\Cliente.o" "src\\Controller.o" "src\\LinkedList.o" "src\\Parcial_labo_2.o" "src\\Ventas.o" "src\\menu.o" "src\\parser.o" "src\\validaciones.o" 
16:14:02 **** Incremental Build of configuration Debug for project Parcial_labo_2 ****
Info: Internal Builder is used for build
gcc -O0 -g3 -Wall -c -fmessage-length=0 -o "src\\Controller.o" "..\\src\\Controller.c" 
gcc -o Parcial_labo_2.exe "src\\Cliente.o" "src\\Controller.o" "src\\LinkedList.o" "src\\Parcial_labo_2.o" "src\\Ventas.o" "src\\menu.o" "src\\parser.o" "src\\validaciones.o" 
16:14:08 **** Incremental Build of configuration Debug for project Parcial_labo_2 ****
Info: Internal Builder is used for build
gcc -O0 -g3 -Wall -c -fmessage-length=0 -o "src\\Controller.o" "..\\src\\Controller.c" 
gcc -o Parcial_labo_2.exe "src\\Cliente.o" "src\\Controller.o" "src\\LinkedList.o" "src\\Parcial_labo_2.o" "src\\Ventas.o" "src\\menu.o" "src\\parser.o" "src\\validaciones.o" 
16:15:20 **** Incremental Build of configuration Debug for project Parcial_labo_2 ****
Info: Internal Builder is used for build
gcc -O0 -g3 -Wall -c -fmessage-length=0 -o "src\\Cliente.o" "..\\src\\Cliente.c" 
gcc -O0 -g3 -Wall -c -fmessage-length=0 -o "src\\Ventas.o" "..\\src\\Ventas.c" 
gcc -O0 -g3 -Wall -c -fmessage-length=0 -o "src\\LinkedList.o" "..\\src\\LinkedList.c" 
gcc -o Parcial_labo_2.exe "src\\Cliente.o" "src\\Controller.o" "src\\LinkedList.o" "src\\Parcial_labo_2.o" "src\\Ventas.o" "src\\menu.o" "src\\parser.o" "src\\validaciones.o" 
Info: Nothing to build for Parcial_labo_2
16:16:35 **** Incremental Build of configuration Debug for project Parcial_labo_2 ****
Info: Internal Builder is used for build
gcc -O0 -g3 -Wall -c -fmessage-length=0 -o "src\\Cliente.o" "..\\src\\Cliente.c" 
gcc -o Parcial_labo_2.exe "src\\Cliente.o" "src\\Controller.o" "src\\LinkedList.o" "src\\Parcial_labo_2.o" "src\\Ventas.o" "src\\menu.o" "src\\parser.o" "src\\validaciones.o" 
Info: Nothing to build for Parcial_labo_2
Info: Nothing to build for Parcial_labo_2
16:23:04 **** Incremental Build of configuration Debug for project Parcial_labo_2 ****
Info: Internal Builder is used for build
gcc -O0 -g3 -Wall -c -fmessage-length=0 -o "src\\Ventas.o" "..\\src\\Ventas.c" 
gcc -o Parcial_labo_2.exe "src\\Cliente.o" "src\\Controller.o" "src\\LinkedList.o" "src\\Parcial_labo_2.o" "src\\Ventas.o" "src\\menu.o" "src\\parser.o" "src\\validaciones.o" 
c:/mingw/bin/../lib/gcc/mingw32/9.2.0/../../../../mingw32/bin/ld.exe: cannot open output file Parcial_labo_2.exe: Permission denied
collect2.exe: error: ld returned 1 exit status
16:23:06 **** Incremental Build of configuration Debug for project Parcial_labo_2 ****
Info: Internal Builder is used for build
gcc -o Parcial_labo_2.exe "src\\Cliente.o" "src\\Controller.o" "src\\LinkedList.o" "src\\Parcial_labo_2.o" "src\\Ventas.o" "src\\menu.o" "src\\parser.o" "src\\validaciones.o" 
16:23:33 **** Incremental Build of configuration Debug for project Parcial_labo_2 ****
Info: Internal Builder is used for build
gcc -O0 -g3 -Wall -c -fmessage-length=0 -o "src\\Ventas.o" "..\\src\\Ventas.c" 
gcc -o Parcial_labo_2.exe "src\\Cliente.o" "src\\Controller.o" "src\\LinkedList.o" "src\\Parcial_labo_2.o" "src\\Ventas.o" "src\\menu.o" "src\\parser.o" "src\\validaciones.o" 
c:/mingw/bin/../lib/gcc/mingw32/9.2.0/../../../../mingw32/bin/ld.exe: cannot open output file Parcial_labo_2.exe: Permission denied
collect2.exe: error: ld returned 1 exit status
16:23:34 **** Incremental Build of configuration Debug for project Parcial_labo_2 ****
Info: Internal Builder is used for build
gcc -o Parcial_labo_2.exe "src\\Cliente.o" "src\\Controller.o" "src\\LinkedList.o" "src\\Parcial_labo_2.o" "src\\Ventas.o" "src\\menu.o" "src\\parser.o" "src\\validaciones.o" 
16:27:32 **** Incremental Build of configuration Debug for project Parcial_labo_2 ****
Info: Internal Builder is used for build
gcc -O0 -g3 -Wall -c -fmessage-length=0 -o "src\\LinkedList.o" "..\\src\\LinkedList.c" 
gcc -o Parcial_labo_2.exe "src\\Cliente.o" "src\\Controller.o" "src\\LinkedList.o" "src\\Parcial_labo_2.o" "src\\Ventas.o" "src\\menu.o" "src\\parser.o" "src\\validaciones.o" 
c:/mingw/bin/../lib/gcc/mingw32/9.2.0/../../../../mingw32/bin/ld.exe: cannot open output file Parcial_labo_2.exe: Permission denied
collect2.exe: error: ld returned 1 exit status
16:27:35 **** Incremental Build of configuration Debug for project Parcial_labo_2 ****
Info: Internal Builder is used for build
gcc -o Parcial_labo_2.exe "src\\Cliente.o" "src\\Controller.o" "src\\LinkedList.o" "src\\Parcial_labo_2.o" "src\\Ventas.o" "src\\menu.o" "src\\parser.o" "src\\validaciones.o" 
Info: Nothing to build for Parcial_labo_2
Info: Nothing to build for Parcial_labo_2
16:29:22 **** Incremental Build of configuration Debug for project Parcial_labo_2 ****
Info: Internal Builder is used for build
gcc -O0 -g3 -Wall -c -fmessage-length=0 -o "src\\Controller.o" "..\\src\\Controller.c" 
..\src\Controller.c: In function 'controller_addCliente':
..\src\Controller.c:173:35: warning: passing argument 2 of 'll_mapArg' from incompatible pointer type [-Wincompatible-pointer-types]
  173 |    !(ll_mapArg(pArrayListCliente, cliente_findCuitRepetido, auxCuit)) &&
      |                                   ^~~~~~~~~~~~~~~~~~~~~~~~
      |                                   |
      |                                   int (*)(LinkedList *, char *) {aka int (*)(struct LinkedList *, char *)}
In file included from ..\src\Cliente.h:11,
                 from ..\src\Controller.c:5:
..\src\LinkedList.h:57:39: note: expected 'int (*)(void *, void *)' but argument is of type 'int (*)(LinkedList *, char *)' {aka 'int (*)(struct LinkedList *, char *)'}
   57 | int ll_mapArg(LinkedList* this, int (*pFunc)(void*,void*), void* arg);
      |                                 ~~~~~~^~~~~~~~~~~~~~~~~~~
..\src\Controller.c: In function 'controller_removeCliente':
..\src\Controller.c:324:70: warning: passing argument 2 of 'll_mapArg' from incompatible pointer type [-Wincompatible-pointer-types]
  324 |    printf("Ventas del cliente: \n") && !(ll_mapArg(pArrayListVentas, ventas_imprimirSegunIdCliente, &auxId)) &&
      |                                                                      ^~~~~~~~~~~~~~~~~~~~~~~~~~~~~
      |                                                                      |
      |                                                                      void (*)(void *, void *)
In file included from ..\src\Cliente.h:11,
                 from ..\src\Controller.c:5:
..\src\LinkedList.h:57:39: note: expected 'int (*)(void *, void *)' but argument is of type 'void (*)(void *, void *)'
   57 | int ll_mapArg(LinkedList* this, int (*pFunc)(void*,void*), void* arg);
      |                                 ~~~~~~^~~~~~~~~~~~~~~~~~~
gcc -O0 -g3 -Wall -c -fmessage-length=0 -o "src\\menu.o" "..\\src\\menu.c" 
gcc -O0 -g3 -Wall -c -fmessage-length=0 -o "src\\parser.o" "..\\src\\parser.c" 
gcc -O0 -g3 -Wall -c -fmessage-length=0 -o "src\\Ventas.o" "..\\src\\Ventas.c" 
gcc -O0 -g3 -Wall -c -fmessage-length=0 -o "src\\Cliente.o" "..\\src\\Cliente.c" 
gcc -O0 -g3 -Wall -c -fmessage-length=0 -o "src\\Parcial_labo_2.o" "..\\src\\Parcial_labo_2.c" 
gcc -o Parcial_labo_2.exe "src\\Cliente.o" "src\\Controller.o" "src\\LinkedList.o" "src\\Parcial_labo_2.o" "src\\Ventas.o" "src\\menu.o" "src\\parser.o" "src\\validaciones.o" 
c:/mingw/bin/../lib/gcc/mingw32/9.2.0/../../../../mingw32/bin/ld.exe: cannot open output file Parcial_labo_2.exe: Permission denied
collect2.exe: error: ld returned 1 exit status
16:29:57 **** Incremental Build of configuration Debug for project Parcial_labo_2 ****
Info: Internal Builder is used for build
gcc -O0 -g3 -Wall -c -fmessage-length=0 -o "src\\Controller.o" "..\\src\\Controller.c" 
..\src\Controller.c: In function 'controller_removeCliente':
..\src\Controller.c:324:70: warning: passing argument 2 of 'll_mapArg' from incompatible pointer type [-Wincompatible-pointer-types]
  324 |    printf("Ventas del cliente: \n") && !(ll_mapArg(pArrayListVentas, ventas_imprimirSegunIdCliente, &auxId)) &&
      |                                                                      ^~~~~~~~~~~~~~~~~~~~~~~~~~~~~
      |                                                                      |
      |                                                                      void (*)(void *, void *)
In file included from ..\src\Cliente.h:11,
                 from ..\src\Controller.c:5:
..\src\LinkedList.h:57:39: note: expected 'int (*)(void *, void *)' but argument is of type 'void (*)(void *, void *)'
   57 | int ll_mapArg(LinkedList* this, int (*pFunc)(void*,void*), void* arg);
      |                                 ~~~~~~^~~~~~~~~~~~~~~~~~~
gcc -o Parcial_labo_2.exe "src\\Cliente.o" "src\\Controller.o" "src\\LinkedList.o" "src\\Parcial_labo_2.o" "src\\Ventas.o" "src\\menu.o" "src\\parser.o" "src\\validaciones.o" 
c:/mingw/bin/../lib/gcc/mingw32/9.2.0/../../../../mingw32/bin/ld.exe: cannot open output file Parcial_labo_2.exe: Permission denied
collect2.exe: error: ld returned 1 exit status
16:30:46 **** Incremental Build of configuration Debug for project Parcial_labo_2 ****
Info: Internal Builder is used for build
gcc -O0 -g3 -Wall -c -fmessage-length=0 -o "src\\parser.o" "..\\src\\parser.c" 
gcc -O0 -g3 -Wall -c -fmessage-length=0 -o "src\\Parcial_labo_2.o" "..\\src\\Parcial_labo_2.c" 
gcc -O0 -g3 -Wall -c -fmessage-length=0 -o "src\\Cliente.o" "..\\src\\Cliente.c" 
gcc -O0 -g3 -Wall -c -fmessage-length=0 -o "src\\menu.o" "..\\src\\menu.c" 
gcc -O0 -g3 -Wall -c -fmessage-length=0 -o "src\\Controller.o" "..\\src\\Controller.c" 
gcc -O0 -g3 -Wall -c -fmessage-length=0 -o "src\\Ventas.o" "..\\src\\Ventas.c" 
gcc -O0 -g3 -Wall -c -fmessage-length=0 -o "src\\LinkedList.o" "..\\src\\LinkedList.c" 
..\src\LinkedList.c:587:5: error: conflicting types for 'll_mapArg'
  587 | int ll_mapArg(LinkedList* this, int (*pFunc)(void*,void*), void* arg)
      |     ^~~~~~~~~
In file included from ..\src\LinkedList.c:4:
..\src\LinkedList.h:57:5: note: previous declaration of 'll_mapArg' was here
   57 | int ll_mapArg(LinkedList* this, void (*pFunc)(void*,void*), void* arg);
      |     ^~~~~~~~~
16:30:54 **** Incremental Build of configuration Debug for project Parcial_labo_2 ****
Info: Internal Builder is used for build
gcc -O0 -g3 -Wall -c -fmessage-length=0 -o "src\\LinkedList.o" "..\\src\\LinkedList.c" 
..\src\LinkedList.c: In function 'll_mapArg':
..\src\LinkedList.c:598:10: error: void value not ignored as it ought to be
  598 |       if(pFunc(pElement, arg))
      |          ^~~~~
16:31:31 **** Incremental Build of configuration Debug for project Parcial_labo_2 ****
Info: Internal Builder is used for build
gcc -O0 -g3 -Wall -c -fmessage-length=0 -o "src\\LinkedList.o" "..\\src\\LinkedList.c" 
gcc -o Parcial_labo_2.exe "src\\Cliente.o" "src\\Controller.o" "src\\LinkedList.o" "src\\Parcial_labo_2.o" "src\\Ventas.o" "src\\menu.o" "src\\parser.o" "src\\validaciones.o" 
c:/mingw/bin/../lib/gcc/mingw32/9.2.0/../../../../mingw32/bin/ld.exe: cannot open output file Parcial_labo_2.exe: Permission denied
collect2.exe: error: ld returned 1 exit status
16:31:33 **** Incremental Build of configuration Debug for project Parcial_labo_2 ****
Info: Internal Builder is used for build
gcc -o Parcial_labo_2.exe "src\\Cliente.o" "src\\Controller.o" "src\\LinkedList.o" "src\\Parcial_labo_2.o" "src\\Ventas.o" "src\\menu.o" "src\\parser.o" "src\\validaciones.o" 
16:49:42 **** Incremental Build of configuration Debug for project Parcial_labo_2 ****
Info: Internal Builder is used for build
gcc -O0 -g3 -Wall -c -fmessage-length=0 -o "src\\parser.o" "..\\src\\parser.c" 
gcc -O0 -g3 -Wall -c -fmessage-length=0 -o "src\\Controller.o" "..\\src\\Controller.c" 
gcc -O0 -g3 -Wall -c -fmessage-length=0 -o "src\\Parcial_labo_2.o" "..\\src\\Parcial_labo_2.c" 
gcc -O0 -g3 -Wall -c -fmessage-length=0 -o "src\\Ventas.o" "..\\src\\Ventas.c" 
gcc -O0 -g3 -Wall -c -fmessage-length=0 -o "src\\menu.o" "..\\src\\menu.c" 
gcc -O0 -g3 -Wall -c -fmessage-length=0 -o "src\\Cliente.o" "..\\src\\Cliente.c" 
gcc -o Parcial_labo_2.exe "src\\Cliente.o" "src\\Controller.o" "src\\LinkedList.o" "src\\Parcial_labo_2.o" "src\\Ventas.o" "src\\menu.o" "src\\parser.o" "src\\validaciones.o" 
c:/mingw/bin/../lib/gcc/mingw32/9.2.0/../../../../mingw32/bin/ld.exe: src\Controller.o: in function `controller_addCliente':
C:\Users\leito\OneDrive\Escritorio\Programación I y Laboratorio I\Parcial laboratorio 1\parciales_laboratorio_1\Parcial_labo_2\Debug/../src/Controller.c:173: undefined reference to `cliente_findCuitRepetido'
collect2.exe: error: ld returned 1 exit status
16:49:44 **** Incremental Build of configuration Debug for project Parcial_labo_2 ****
Info: Internal Builder is used for build
gcc -o Parcial_labo_2.exe "src\\Cliente.o" "src\\Controller.o" "src\\LinkedList.o" "src\\Parcial_labo_2.o" "src\\Ventas.o" "src\\menu.o" "src\\parser.o" "src\\validaciones.o" 
c:/mingw/bin/../lib/gcc/mingw32/9.2.0/../../../../mingw32/bin/ld.exe: src\Controller.o: in function `controller_addCliente':
C:\Users\leito\OneDrive\Escritorio\Programación I y Laboratorio I\Parcial laboratorio 1\parciales_laboratorio_1\Parcial_labo_2\Debug/../src/Controller.c:173: undefined reference to `cliente_findCuitRepetido'
collect2.exe: error: ld returned 1 exit status
16:50:05 **** Incremental Build of configuration Debug for project Parcial_labo_2 ****
Info: Internal Builder is used for build
gcc -O0 -g3 -Wall -c -fmessage-length=0 -o "src\\Controller.o" "..\\src\\Controller.c" 
gcc -o Parcial_labo_2.exe "src\\Cliente.o" "src\\Controller.o" "src\\LinkedList.o" "src\\Parcial_labo_2.o" "src\\Ventas.o" "src\\menu.o" "src\\parser.o" "src\\validaciones.o" 
Info: Nothing to build for Parcial_labo_2
Info: Nothing to build for Parcial_labo_2
16:52:48 **** Incremental Build of configuration Debug for project Parcial_labo_2 ****
Info: Internal Builder is used for build
gcc -O0 -g3 -Wall -c -fmessage-length=0 -o "src\\Controller.o" "..\\src\\Controller.c" 
gcc -O0 -g3 -Wall -c -fmessage-length=0 -o "src\\LinkedList.o" "..\\src\\LinkedList.c" 
..\src\LinkedList.c: In function 'll_mapArg':
..\src\LinkedList.c:598:10: error: void value not ignored as it ought to be
  598 |       if(pFunc(pElement, arg) == 1)
      |          ^~~~~~~~~~~~~~~~~~~~
16:53:01 **** Incremental Build of configuration Debug for project Parcial_labo_2 ****
Info: Internal Builder is used for build
gcc -O0 -g3 -Wall -c -fmessage-length=0 -o "src\\menu.o" "..\\src\\menu.c" 
gcc -O0 -g3 -Wall -c -fmessage-length=0 -o "src\\Ventas.o" "..\\src\\Ventas.c" 
gcc -O0 -g3 -Wall -c -fmessage-length=0 -o "src\\LinkedList.o" "..\\src\\LinkedList.c" 
gcc -O0 -g3 -Wall -c -fmessage-length=0 -o "src\\Cliente.o" "..\\src\\Cliente.c" 
gcc -O0 -g3 -Wall -c -fmessage-length=0 -o "src\\Controller.o" "..\\src\\Controller.c" 
..\src\Controller.c: In function 'controller_removeCliente':
..\src\Controller.c:327:32: warning: passing argument 2 of 'll_mapArg' from incompatible pointer type [-Wincompatible-pointer-types]
  327 |    ll_mapArg(pArrayListVentas, ventas_imprimirSegunIdCliente, &auxId);
      |                                ^~~~~~~~~~~~~~~~~~~~~~~~~~~~~
      |                                |
      |                                void (*)(void *, void *)
In file included from ..\src\Cliente.h:11,
                 from ..\src\Controller.c:5:
..\src\LinkedList.h:57:39: note: expected 'int (*)(void *, void *)' but argument is of type 'void (*)(void *, void *)'
   57 | int ll_mapArg(LinkedList* this, int (*pFunc)(void*,void*), void* arg);
      |                                 ~~~~~~^~~~~~~~~~~~~~~~~~~
gcc -O0 -g3 -Wall -c -fmessage-length=0 -o "src\\parser.o" "..\\src\\parser.c" 
gcc -O0 -g3 -Wall -c -fmessage-length=0 -o "src\\Parcial_labo_2.o" "..\\src\\Parcial_labo_2.c" 
gcc -o Parcial_labo_2.exe "src\\Cliente.o" "src\\Controller.o" "src\\LinkedList.o" "src\\Parcial_labo_2.o" "src\\Ventas.o" "src\\menu.o" "src\\parser.o" "src\\validaciones.o" 
c:/mingw/bin/../lib/gcc/mingw32/9.2.0/../../../../mingw32/bin/ld.exe: cannot open output file Parcial_labo_2.exe: Permission denied
collect2.exe: error: ld returned 1 exit status
16:53:44 **** Incremental Build of configuration Debug for project Parcial_labo_2 ****
Info: Internal Builder is used for build
gcc -O0 -g3 -Wall -c -fmessage-length=0 -o "src\\Ventas.o" "..\\src\\Ventas.c" 
..\src\Ventas.c:351:5: error: conflicting types for 'ventas_imprimirSegunIdCliente'
  351 | int ventas_imprimirSegunIdCliente(void* pElement, void* idCliente)
      |     ^~~~~~~~~~~~~~~~~~~~~~~~~~~~~
In file included from ..\src\Ventas.c:11:
..\src\Ventas.h:46:6: note: previous declaration of 'ventas_imprimirSegunIdCliente' was here
   46 | void ventas_imprimirSegunIdCliente(void* pElement, void* idCliente);
      |      ^~~~~~~~~~~~~~~~~~~~~~~~~~~~~
16:53:55 **** Incremental Build of configuration Debug for project Parcial_labo_2 ****
Info: Internal Builder is used for build
gcc -O0 -g3 -Wall -c -fmessage-length=0 -o "src\\Controller.o" "..\\src\\Controller.c" 
gcc -O0 -g3 -Wall -c -fmessage-length=0 -o "src\\Ventas.o" "..\\src\\Ventas.c" 
gcc -O0 -g3 -Wall -c -fmessage-length=0 -o "src\\Parcial_labo_2.o" "..\\src\\Parcial_labo_2.c" 
gcc -O0 -g3 -Wall -c -fmessage-length=0 -o "src\\parser.o" "..\\src\\parser.c" 
gcc -o Parcial_labo_2.exe "src\\Cliente.o" "src\\Controller.o" "src\\LinkedList.o" "src\\Parcial_labo_2.o" "src\\Ventas.o" "src\\menu.o" "src\\parser.o" "src\\validaciones.o" 
c:/mingw/bin/../lib/gcc/mingw32/9.2.0/../../../../mingw32/bin/ld.exe: cannot open output file Parcial_labo_2.exe: Permission denied
collect2.exe: error: ld returned 1 exit status
16:53:58 **** Incremental Build of configuration Debug for project Parcial_labo_2 ****
Info: Internal Builder is used for build
gcc -o Parcial_labo_2.exe "src\\Cliente.o" "src\\Controller.o" "src\\LinkedList.o" "src\\Parcial_labo_2.o" "src\\Ventas.o" "src\\menu.o" "src\\parser.o" "src\\validaciones.o" 
16:55:17 **** Incremental Build of configuration Debug for project Parcial_labo_2 ****
Info: Internal Builder is used for build
gcc -O0 -g3 -Wall -c -fmessage-length=0 -o "src\\Cliente.o" "..\\src\\Cliente.c" 
gcc -O0 -g3 -Wall -c -fmessage-length=0 -o "src\\menu.o" "..\\src\\menu.c" 
gcc -O0 -g3 -Wall -c -fmessage-length=0 -o "src\\Controller.o" "..\\src\\Controller.c" 
gcc -O0 -g3 -Wall -c -fmessage-length=0 -o "src\\parser.o" "..\\src\\parser.c" 
gcc -O0 -g3 -Wall -c -fmessage-length=0 -o "src\\Parcial_labo_2.o" "..\\src\\Parcial_labo_2.c" 
gcc -o Parcial_labo_2.exe "src\\Cliente.o" "src\\Controller.o" "src\\LinkedList.o" "src\\Parcial_labo_2.o" "src\\Ventas.o" "src\\menu.o" "src\\parser.o" "src\\validaciones.o" 
c:/mingw/bin/../lib/gcc/mingw32/9.2.0/../../../../mingw32/bin/ld.exe: cannot open output file Parcial_labo_2.exe: Permission denied
collect2.exe: error: ld returned 1 exit status
16:55:41 **** Incremental Build of configuration Debug for project Parcial_labo_2 ****
Info: Internal Builder is used for build
gcc -O0 -g3 -Wall -c -fmessage-length=0 -o "src\\Parcial_labo_2.o" "..\\src\\Parcial_labo_2.c" 
gcc -o Parcial_labo_2.exe "src\\Cliente.o" "src\\Controller.o" "src\\LinkedList.o" "src\\Parcial_labo_2.o" "src\\Ventas.o" "src\\menu.o" "src\\parser.o" "src\\validaciones.o" 
c:/mingw/bin/../lib/gcc/mingw32/9.2.0/../../../../mingw32/bin/ld.exe: cannot open output file Parcial_labo_2.exe: Permission denied
collect2.exe: error: ld returned 1 exit status
16:55:42 **** Incremental Build of configuration Debug for project Parcial_labo_2 ****
Info: Internal Builder is used for build
gcc -o Parcial_labo_2.exe "src\\Cliente.o" "src\\Controller.o" "src\\LinkedList.o" "src\\Parcial_labo_2.o" "src\\Ventas.o" "src\\menu.o" "src\\parser.o" "src\\validaciones.o" 
16:57:02 **** Incremental Build of configuration Debug for project Parcial_labo_2 ****
Info: Internal Builder is used for build
gcc -O0 -g3 -Wall -c -fmessage-length=0 -o "src\\Controller.o" "..\\src\\Controller.c" 
gcc -o Parcial_labo_2.exe "src\\Cliente.o" "src\\Controller.o" "src\\LinkedList.o" "src\\Parcial_labo_2.o" "src\\Ventas.o" "src\\menu.o" "src\\parser.o" "src\\validaciones.o" 
c:/mingw/bin/../lib/gcc/mingw32/9.2.0/../../../../mingw32/bin/ld.exe: cannot open output file Parcial_labo_2.exe: Permission denied
collect2.exe: error: ld returned 1 exit status
16:57:04 **** Incremental Build of configuration Debug for project Parcial_labo_2 ****
Info: Internal Builder is used for build
gcc -o Parcial_labo_2.exe "src\\Cliente.o" "src\\Controller.o" "src\\LinkedList.o" "src\\Parcial_labo_2.o" "src\\Ventas.o" "src\\menu.o" "src\\parser.o" "src\\validaciones.o" 
16:58:14 **** Incremental Build of configuration Debug for project Parcial_labo_2 ****
Info: Internal Builder is used for build
gcc -O0 -g3 -Wall -c -fmessage-length=0 -o "src\\Cliente.o" "..\\src\\Cliente.c" 
gcc -o Parcial_labo_2.exe "src\\Cliente.o" "src\\Controller.o" "src\\LinkedList.o" "src\\Parcial_labo_2.o" "src\\Ventas.o" "src\\menu.o" "src\\parser.o" "src\\validaciones.o" 
c:/mingw/bin/../lib/gcc/mingw32/9.2.0/../../../../mingw32/bin/ld.exe: cannot open output file Parcial_labo_2.exe: Permission denied
collect2.exe: error: ld returned 1 exit status
16:58:15 **** Incremental Build of configuration Debug for project Parcial_labo_2 ****
Info: Internal Builder is used for build
gcc -o Parcial_labo_2.exe "src\\Cliente.o" "src\\Controller.o" "src\\LinkedList.o" "src\\Parcial_labo_2.o" "src\\Ventas.o" "src\\menu.o" "src\\parser.o" "src\\validaciones.o" 
16:58:49 **** Incremental Build of configuration Debug for project Parcial_labo_2 ****
Info: Internal Builder is used for build
gcc -O0 -g3 -Wall -c -fmessage-length=0 -o "src\\Controller.o" "..\\src\\Controller.c" 
gcc -o Parcial_labo_2.exe "src\\Cliente.o" "src\\Controller.o" "src\\LinkedList.o" "src\\Parcial_labo_2.o" "src\\Ventas.o" "src\\menu.o" "src\\parser.o" "src\\validaciones.o" 
c:/mingw/bin/../lib/gcc/mingw32/9.2.0/../../../../mingw32/bin/ld.exe: cannot open output file Parcial_labo_2.exe: Permission denied
collect2.exe: error: ld returned 1 exit status
16:58:51 **** Incremental Build of configuration Debug for project Parcial_labo_2 ****
Info: Internal Builder is used for build
gcc -o Parcial_labo_2.exe "src\\Cliente.o" "src\\Controller.o" "src\\LinkedList.o" "src\\Parcial_labo_2.o" "src\\Ventas.o" "src\\menu.o" "src\\parser.o" "src\\validaciones.o" 
17:00:09 **** Incremental Build of configuration Debug for project Parcial_labo_2 ****
Info: Internal Builder is used for build
gcc -O0 -g3 -Wall -c -fmessage-length=0 -o "src\\Cliente.o" "..\\src\\Cliente.c" 
gcc -o Parcial_labo_2.exe "src\\Cliente.o" "src\\Controller.o" "src\\LinkedList.o" "src\\Parcial_labo_2.o" "src\\Ventas.o" "src\\menu.o" "src\\parser.o" "src\\validaciones.o" 
c:/mingw/bin/../lib/gcc/mingw32/9.2.0/../../../../mingw32/bin/ld.exe: cannot open output file Parcial_labo_2.exe: Permission denied
collect2.exe: error: ld returned 1 exit status
17:00:10 **** Incremental Build of configuration Debug for project Parcial_labo_2 ****
Info: Internal Builder is used for build
gcc -o Parcial_labo_2.exe "src\\Cliente.o" "src\\Controller.o" "src\\LinkedList.o" "src\\Parcial_labo_2.o" "src\\Ventas.o" "src\\menu.o" "src\\parser.o" "src\\validaciones.o" 
17:01:27 **** Incremental Build of configuration Debug for project Parcial_labo_2 ****
Info: Internal Builder is used for build
gcc -O0 -g3 -Wall -c -fmessage-length=0 -o "src\\Cliente.o" "..\\src\\Cliente.c" 
gcc -o Parcial_labo_2.exe "src\\Cliente.o" "src\\Controller.o" "src\\LinkedList.o" "src\\Parcial_labo_2.o" "src\\Ventas.o" "src\\menu.o" "src\\parser.o" "src\\validaciones.o" 
c:/mingw/bin/../lib/gcc/mingw32/9.2.0/../../../../mingw32/bin/ld.exe: cannot open output file Parcial_labo_2.exe: Permission denied
collect2.exe: error: ld returned 1 exit status
17:01:29 **** Incremental Build of configuration Debug for project Parcial_labo_2 ****
Info: Internal Builder is used for build
gcc -o Parcial_labo_2.exe "src\\Cliente.o" "src\\Controller.o" "src\\LinkedList.o" "src\\Parcial_labo_2.o" "src\\Ventas.o" "src\\menu.o" "src\\parser.o" "src\\validaciones.o" 
17:02:53 **** Incremental Build of configuration Debug for project Parcial_labo_2 ****
Info: Internal Builder is used for build
gcc -O0 -g3 -Wall -c -fmessage-length=0 -o "src\\Cliente.o" "..\\src\\Cliente.c" 
gcc -o Parcial_labo_2.exe "src\\Cliente.o" "src\\Controller.o" "src\\LinkedList.o" "src\\Parcial_labo_2.o" "src\\Ventas.o" "src\\menu.o" "src\\parser.o" "src\\validaciones.o" 
c:/mingw/bin/../lib/gcc/mingw32/9.2.0/../../../../mingw32/bin/ld.exe: cannot open output file Parcial_labo_2.exe: Permission denied
collect2.exe: error: ld returned 1 exit status
17:02:54 **** Incremental Build of configuration Debug for project Parcial_labo_2 ****
Info: Internal Builder is used for build
gcc -o Parcial_labo_2.exe "src\\Cliente.o" "src\\Controller.o" "src\\LinkedList.o" "src\\Parcial_labo_2.o" "src\\Ventas.o" "src\\menu.o" "src\\parser.o" "src\\validaciones.o" 
17:03:40 **** Incremental Build of configuration Debug for project Parcial_labo_2 ****
Info: Internal Builder is used for build
gcc -O0 -g3 -Wall -c -fmessage-length=0 -o "src\\Cliente.o" "..\\src\\Cliente.c" 
..\src\Cliente.c: In function 'cliente_findCuitRepetido':
..\src\Cliente.c:292:23: warning: passing argument 2 of 'strncmp' makes pointer from integer without a cast [-Wint-conversion]
  292 |    if(strncmp(auxCuit,*pCuit,SIZE_STR) == 0)
      |                       ^~~~~~
      |                       |
      |                       char
In file included from ..\src\Cliente.c:9:
c:\mingw\include\string.h:85:61: note: expected 'const char *' but argument is of type 'char'
   85 | _CRTIMP __cdecl __MINGW_NOTHROW  int strncmp (const char *, const char *, size_t) __MINGW_ATTRIB_PURE;
      |                                                             ^~~~~~~~~~~~
gcc -o Parcial_labo_2.exe "src\\Cliente.o" "src\\Controller.o" "src\\LinkedList.o" "src\\Parcial_labo_2.o" "src\\Ventas.o" "src\\menu.o" "src\\parser.o" "src\\validaciones.o" 
c:/mingw/bin/../lib/gcc/mingw32/9.2.0/../../../../mingw32/bin/ld.exe: cannot open output file Parcial_labo_2.exe: Permission denied
collect2.exe: error: ld returned 1 exit status
17:03:58 **** Incremental Build of configuration Debug for project Parcial_labo_2 ****
Info: Internal Builder is used for build
gcc -O0 -g3 -Wall -c -fmessage-length=0 -o "src\\Cliente.o" "..\\src\\Cliente.c" 
gcc -o Parcial_labo_2.exe "src\\Cliente.o" "src\\Controller.o" "src\\LinkedList.o" "src\\Parcial_labo_2.o" "src\\Ventas.o" "src\\menu.o" "src\\parser.o" "src\\validaciones.o" 
c:/mingw/bin/../lib/gcc/mingw32/9.2.0/../../../../mingw32/bin/ld.exe: cannot open output file Parcial_labo_2.exe: Permission denied
collect2.exe: error: ld returned 1 exit status
17:04:32 **** Incremental Build of configuration Debug for project Parcial_labo_2 ****
Info: Internal Builder is used for build
gcc -O0 -g3 -Wall -c -fmessage-length=0 -o "src\\Cliente.o" "..\\src\\Cliente.c" 
gcc -o Parcial_labo_2.exe "src\\Cliente.o" "src\\Controller.o" "src\\LinkedList.o" "src\\Parcial_labo_2.o" "src\\Ventas.o" "src\\menu.o" "src\\parser.o" "src\\validaciones.o" 
c:/mingw/bin/../lib/gcc/mingw32/9.2.0/../../../../mingw32/bin/ld.exe: cannot open output file Parcial_labo_2.exe: Permission denied
collect2.exe: error: ld returned 1 exit status
17:04:34 **** Incremental Build of configuration Debug for project Parcial_labo_2 ****
Info: Internal Builder is used for build
gcc -o Parcial_labo_2.exe "src\\Cliente.o" "src\\Controller.o" "src\\LinkedList.o" "src\\Parcial_labo_2.o" "src\\Ventas.o" "src\\menu.o" "src\\parser.o" "src\\validaciones.o" 
17:06:15 **** Incremental Build of configuration Debug for project Parcial_labo_2 ****
Info: Internal Builder is used for build
gcc -O0 -g3 -Wall -c -fmessage-length=0 -o "src\\Controller.o" "..\\src\\Controller.c" 
gcc -o Parcial_labo_2.exe "src\\Cliente.o" "src\\Controller.o" "src\\LinkedList.o" "src\\Parcial_labo_2.o" "src\\Ventas.o" "src\\menu.o" "src\\parser.o" "src\\validaciones.o" 
c:/mingw/bin/../lib/gcc/mingw32/9.2.0/../../../../mingw32/bin/ld.exe: cannot open output file Parcial_labo_2.exe: Permission denied
collect2.exe: error: ld returned 1 exit status
17:06:17 **** Incremental Build of configuration Debug for project Parcial_labo_2 ****
Info: Internal Builder is used for build
gcc -o Parcial_labo_2.exe "src\\Cliente.o" "src\\Controller.o" "src\\LinkedList.o" "src\\Parcial_labo_2.o" "src\\Ventas.o" "src\\menu.o" "src\\parser.o" "src\\validaciones.o" 
17:07:20 **** Incremental Build of configuration Debug for project Parcial_labo_2 ****
Info: Internal Builder is used for build
gcc -O0 -g3 -Wall -c -fmessage-length=0 -o "src\\Cliente.o" "..\\src\\Cliente.c" 
gcc -o Parcial_labo_2.exe "src\\Cliente.o" "src\\Controller.o" "src\\LinkedList.o" "src\\Parcial_labo_2.o" "src\\Ventas.o" "src\\menu.o" "src\\parser.o" "src\\validaciones.o" 
c:/mingw/bin/../lib/gcc/mingw32/9.2.0/../../../../mingw32/bin/ld.exe: cannot open output file Parcial_labo_2.exe: Permission denied
collect2.exe: error: ld returned 1 exit status
17:07:22 **** Incremental Build of configuration Debug for project Parcial_labo_2 ****
Info: Internal Builder is used for build
gcc -o Parcial_labo_2.exe "src\\Cliente.o" "src\\Controller.o" "src\\LinkedList.o" "src\\Parcial_labo_2.o" "src\\Ventas.o" "src\\menu.o" "src\\parser.o" "src\\validaciones.o" 
17:08:02 **** Incremental Build of configuration Debug for project Parcial_labo_2 ****
Info: Internal Builder is used for build
gcc -O0 -g3 -Wall -c -fmessage-length=0 -o "src\\Controller.o" "..\\src\\Controller.c" 
gcc -o Parcial_labo_2.exe "src\\Cliente.o" "src\\Controller.o" "src\\LinkedList.o" "src\\Parcial_labo_2.o" "src\\Ventas.o" "src\\menu.o" "src\\parser.o" "src\\validaciones.o" 
c:/mingw/bin/../lib/gcc/mingw32/9.2.0/../../../../mingw32/bin/ld.exe: cannot open output file Parcial_labo_2.exe: Permission denied
collect2.exe: error: ld returned 1 exit status
17:08:03 **** Incremental Build of configuration Debug for project Parcial_labo_2 ****
Info: Internal Builder is used for build
gcc -o Parcial_labo_2.exe "src\\Cliente.o" "src\\Controller.o" "src\\LinkedList.o" "src\\Parcial_labo_2.o" "src\\Ventas.o" "src\\menu.o" "src\\parser.o" "src\\validaciones.o" 
17:10:40 **** Incremental Build of configuration Debug for project Parcial_labo_2 ****
Info: Internal Builder is used for build
gcc -O0 -g3 -Wall -c -fmessage-length=0 -o "src\\Controller.o" "..\\src\\Controller.c" 
..\src\Controller.c: In function 'controller_addCliente':
..\src\Controller.c:177:16: warning: comparison of distinct pointer types lacks a cast
  177 |    if(&auxCuit == auxCuit)
      |                ^~
gcc -o Parcial_labo_2.exe "src\\Cliente.o" "src\\Controller.o" "src\\LinkedList.o" "src\\Parcial_labo_2.o" "src\\Ventas.o" "src\\menu.o" "src\\parser.o" "src\\validaciones.o" 
c:/mingw/bin/../lib/gcc/mingw32/9.2.0/../../../../mingw32/bin/ld.exe: cannot open output file Parcial_labo_2.exe: Permission denied
collect2.exe: error: ld returned 1 exit status
17:10:47 **** Incremental Build of configuration Debug for project Parcial_labo_2 ****
Info: Internal Builder is used for build
gcc -o Parcial_labo_2.exe "src\\Cliente.o" "src\\Controller.o" "src\\LinkedList.o" "src\\Parcial_labo_2.o" "src\\Ventas.o" "src\\menu.o" "src\\parser.o" "src\\validaciones.o" 
17:20:02 **** Incremental Build of configuration Debug for project Parcial_labo_2 ****
Info: Internal Builder is used for build
gcc -O0 -g3 -Wall -c -fmessage-length=0 -o "src\\Controller.o" "..\\src\\Controller.c" 
gcc -O0 -g3 -Wall -c -fmessage-length=0 -o "src\\Cliente.o" "..\\src\\Cliente.c" 
gcc -O0 -g3 -Wall -c -fmessage-length=0 -o "src\\menu.o" "..\\src\\menu.c" 
gcc -O0 -g3 -Wall -c -fmessage-length=0 -o "src\\Parcial_labo_2.o" "..\\src\\Parcial_labo_2.c" 
gcc -O0 -g3 -Wall -c -fmessage-length=0 -o "src\\parser.o" "..\\src\\parser.c" 
gcc -o Parcial_labo_2.exe "src\\Cliente.o" "src\\Controller.o" "src\\LinkedList.o" "src\\Parcial_labo_2.o" "src\\Ventas.o" "src\\menu.o" "src\\parser.o" "src\\validaciones.o" 
c:/mingw/bin/../lib/gcc/mingw32/9.2.0/../../../../mingw32/bin/ld.exe: cannot open output file Parcial_labo_2.exe: Permission denied
collect2.exe: error: ld returned 1 exit status
17:20:04 **** Incremental Build of configuration Debug for project Parcial_labo_2 ****
Info: Internal Builder is used for build
gcc -o Parcial_labo_2.exe "src\\Cliente.o" "src\\Controller.o" "src\\LinkedList.o" "src\\Parcial_labo_2.o" "src\\Ventas.o" "src\\menu.o" "src\\parser.o" "src\\validaciones.o" 
17:21:59 **** Incremental Build of configuration Debug for project Parcial_labo_2 ****
Info: Internal Builder is used for build
gcc -O0 -g3 -Wall -c -fmessage-length=0 -o "src\\Controller.o" "..\\src\\Controller.c" 
gcc -o Parcial_labo_2.exe "src\\Cliente.o" "src\\Controller.o" "src\\LinkedList.o" "src\\Parcial_labo_2.o" "src\\Ventas.o" "src\\menu.o" "src\\parser.o" "src\\validaciones.o" 
c:/mingw/bin/../lib/gcc/mingw32/9.2.0/../../../../mingw32/bin/ld.exe: cannot open output file Parcial_labo_2.exe: Permission denied
collect2.exe: error: ld returned 1 exit status
17:22:00 **** Incremental Build of configuration Debug for project Parcial_labo_2 ****
Info: Internal Builder is used for build
gcc -o Parcial_labo_2.exe "src\\Cliente.o" "src\\Controller.o" "src\\LinkedList.o" "src\\Parcial_labo_2.o" "src\\Ventas.o" "src\\menu.o" "src\\parser.o" "src\\validaciones.o" 
17:25:35 **** Incremental Build of configuration Debug for project Parcial_labo_2 ****
Info: Internal Builder is used for build
gcc -O0 -g3 -Wall -c -fmessage-length=0 -o "src\\Cliente.o" "..\\src\\Cliente.c" 
gcc -O0 -g3 -Wall -c -fmessage-length=0 -o "src\\menu.o" "..\\src\\menu.c" 
gcc -O0 -g3 -Wall -c -fmessage-length=0 -o "src\\parser.o" "..\\src\\parser.c" 
gcc -O0 -g3 -Wall -c -fmessage-length=0 -o "src\\Controller.o" "..\\src\\Controller.c" 
..\src\Controller.c: In function 'controller_cobrarVenta':
..\src\Controller.c:248:123: warning: passing argument 2 of 'cliente_findIdAndPrint' makes pointer from integer without a cast [-Wint-conversion]
  248 |    !(ventas_getIdCliente(ll_get(pArrayListVentas, indexModify), &idCliente)) && cliente_findIdAndPrint(pArrayListCliente, idCliente))
      |                                                                                                                           ^~~~~~~~~
      |                                                                                                                           |
      |                                                                                                                           int
In file included from ..\src\Controller.c:5:
..\src\Cliente.h:37:50: note: expected 'void *' but argument is of type 'int'
   37 | int cliente_findIdAndPrint(void* pElement, void* id);
      |                                            ~~~~~~^~
..\src\Controller.c: In function 'controller_removeVenta':
..\src\Controller.c:286:123: warning: passing argument 2 of 'cliente_findIdAndPrint' makes pointer from integer without a cast [-Wint-conversion]
  286 |    !(ventas_getIdCliente(ll_get(pArrayListVentas, indexRemove), &idCliente)) && cliente_findIdAndPrint(pArrayListCliente, idCliente) &&
      |                                                                                                                           ^~~~~~~~~
      |                                                                                                                           |
      |                                                                                                                           int
In file included from ..\src\Controller.c:5:
..\src\Cliente.h:37:50: note: expected 'void *' but argument is of type 'int'
   37 | int cliente_findIdAndPrint(void* pElement, void* id);
      |                                            ~~~~~~^~
..\src\Controller.c: In function 'controller_removeCliente':
..\src\Controller.c:323:111: warning: passing argument 2 of 'cliente_findIdAndPrint' makes pointer from integer without a cast [-Wint-conversion]
  323 |    cliente_findIndexById(pArrayListCliente, auxId, &indexRemove) && cliente_findIdAndPrint(pArrayListCliente, auxId) &&
      |                                                                                                               ^~~~~
      |                                                                                                               |
      |                                                                                                               int
In file included from ..\src\Controller.c:5:
..\src\Cliente.h:37:50: note: expected 'void *' but argument is of type 'int'
   37 | int cliente_findIdAndPrint(void* pElement, void* id);
      |                                            ~~~~~~^~
..\src\Controller.c: In function 'controller_modifyClient':
..\src\Controller.c:386:46: warning: passing argument 2 of 'cliente_findIdAndPrint' makes pointer from integer without a cast [-Wint-conversion]
  386 |    cliente_findIdAndPrint(pArrayListCliente, auxId);
      |                                              ^~~~~
      |                                              |
      |                                              int
In file included from ..\src\Controller.c:5:
..\src\Cliente.h:37:50: note: expected 'void *' but argument is of type 'int'
   37 | int cliente_findIdAndPrint(void* pElement, void* id);
      |                                            ~~~~~~^~
..\src\Controller.c: In function 'controller_modifyVenta':
..\src\Controller.c:415:123: warning: passing argument 2 of 'cliente_findIdAndPrint' makes pointer from integer without a cast [-Wint-conversion]
  415 |    !(ventas_getIdCliente(ll_get(pArrayListVentas, indexModify), &idCliente)) && cliente_findIdAndPrint(pArrayListCliente, idCliente) &&
      |                                                                                                                           ^~~~~~~~~
      |                                                                                                                           |
      |                                                                                                                           int
In file included from ..\src\Controller.c:5:
..\src\Cliente.h:37:50: note: expected 'void *' but argument is of type 'int'
   37 | int cliente_findIdAndPrint(void* pElement, void* id);
      |                                            ~~~~~~^~
..\src\Controller.c: In function 'controller_imprimirVentaConMasAfiches':
..\src\Controller.c:587:45: warning: passing argument 2 of 'cliente_findIdAndPrint' makes pointer from integer without a cast [-Wint-conversion]
  587 |   cliente_findIdAndPrint(pArrayListCliente, idCliente);
      |                                             ^~~~~~~~~
      |                                             |
      |                                             int
In file included from ..\src\Controller.c:5:
..\src\Cliente.h:37:50: note: expected 'void *' but argument is of type 'int'
   37 | int cliente_findIdAndPrint(void* pElement, void* id);
      |                                            ~~~~~~^~
..\src\Controller.c: In function 'controller_imprimirClienteConMasOrMenosAfiches':
..\src\Controller.c:672:45: warning: passing argument 2 of 'cliente_findIdAndPrint' makes pointer from integer without a cast [-Wint-conversion]
  672 |   cliente_findIdAndPrint(pArrayListCliente, idMaximo);
      |                                             ^~~~~~~~
      |                                             |
      |                                             int
In file included from ..\src\Controller.c:5:
..\src\Cliente.h:37:50: note: expected 'void *' but argument is of type 'int'
   37 | int cliente_findIdAndPrint(void* pElement, void* id);
      |                                            ~~~~~~^~
..\src\Controller.c:675:45: warning: passing argument 2 of 'cliente_findIdAndPrint' makes pointer from integer without a cast [-Wint-conversion]
  675 |   cliente_findIdAndPrint(pArrayListCliente, idMinimo);
      |                                             ^~~~~~~~
      |                                             |
      |                                             int
In file included from ..\src\Controller.c:5:
..\src\Cliente.h:37:50: note: expected 'void *' but argument is of type 'int'
   37 | int cliente_findIdAndPrint(void* pElement, void* id);
      |                                            ~~~~~~^~
gcc -O0 -g3 -Wall -c -fmessage-length=0 -o "src\\Parcial_labo_2.o" "..\\src\\Parcial_labo_2.c" 
gcc -o Parcial_labo_2.exe "src\\Cliente.o" "src\\Controller.o" "src\\LinkedList.o" "src\\Parcial_labo_2.o" "src\\Ventas.o" "src\\menu.o" "src\\parser.o" "src\\validaciones.o" 
c:/mingw/bin/../lib/gcc/mingw32/9.2.0/../../../../mingw32/bin/ld.exe: cannot open output file Parcial_labo_2.exe: Permission denied
collect2.exe: error: ld returned 1 exit status
17:27:35 **** Incremental Build of configuration Debug for project Parcial_labo_2 ****
Info: Internal Builder is used for build
gcc -O0 -g3 -Wall -c -fmessage-length=0 -o "src\\Controller.o" "..\\src\\Controller.c" 
..\src\Controller.c: In function 'controller_removeVenta':
..\src\Controller.c:286:123: warning: passing argument 2 of 'cliente_findIdAndPrint' makes pointer from integer without a cast [-Wint-conversion]
  286 |    !(ventas_getIdCliente(ll_get(pArrayListVentas, indexRemove), &idCliente)) && cliente_findIdAndPrint(pArrayListCliente, idCliente) &&
      |                                                                                                                           ^~~~~~~~~
      |                                                                                                                           |
      |                                                                                                                           int
In file included from ..\src\Controller.c:5:
..\src\Cliente.h:37:50: note: expected 'void *' but argument is of type 'int'
   37 | int cliente_findIdAndPrint(void* pElement, void* id);
      |                                            ~~~~~~^~
..\src\Controller.c: In function 'controller_removeCliente':
..\src\Controller.c:323:111: warning: passing argument 2 of 'cliente_findIdAndPrint' makes pointer from integer without a cast [-Wint-conversion]
  323 |    cliente_findIndexById(pArrayListCliente, auxId, &indexRemove) && cliente_findIdAndPrint(pArrayListCliente, auxId) &&
      |                                                                                                               ^~~~~
      |                                                                                                               |
      |                                                                                                               int
In file included from ..\src\Controller.c:5:
..\src\Cliente.h:37:50: note: expected 'void *' but argument is of type 'int'
   37 | int cliente_findIdAndPrint(void* pElement, void* id);
      |                                            ~~~~~~^~
..\src\Controller.c: In function 'controller_modifyClient':
..\src\Controller.c:386:46: warning: passing argument 2 of 'cliente_findIdAndPrint' makes pointer from integer without a cast [-Wint-conversion]
  386 |    cliente_findIdAndPrint(pArrayListCliente, auxId);
      |                                              ^~~~~
      |                                              |
      |                                              int
In file included from ..\src\Controller.c:5:
..\src\Cliente.h:37:50: note: expected 'void *' but argument is of type 'int'
   37 | int cliente_findIdAndPrint(void* pElement, void* id);
      |                                            ~~~~~~^~
..\src\Controller.c: In function 'controller_modifyVenta':
..\src\Controller.c:415:123: warning: passing argument 2 of 'cliente_findIdAndPrint' makes pointer from integer without a cast [-Wint-conversion]
  415 |    !(ventas_getIdCliente(ll_get(pArrayListVentas, indexModify), &idCliente)) && cliente_findIdAndPrint(pArrayListCliente, idCliente) &&
      |                                                                                                                           ^~~~~~~~~
      |                                                                                                                           |
      |                                                                                                                           int
In file included from ..\src\Controller.c:5:
..\src\Cliente.h:37:50: note: expected 'void *' but argument is of type 'int'
   37 | int cliente_findIdAndPrint(void* pElement, void* id);
      |                                            ~~~~~~^~
..\src\Controller.c: In function 'controller_imprimirVentaConMasAfiches':
..\src\Controller.c:587:45: warning: passing argument 2 of 'cliente_findIdAndPrint' makes pointer from integer without a cast [-Wint-conversion]
  587 |   cliente_findIdAndPrint(pArrayListCliente, idCliente);
      |                                             ^~~~~~~~~
      |                                             |
      |                                             int
In file included from ..\src\Controller.c:5:
..\src\Cliente.h:37:50: note: expected 'void *' but argument is of type 'int'
   37 | int cliente_findIdAndPrint(void* pElement, void* id);
      |                                            ~~~~~~^~
..\src\Controller.c: In function 'controller_imprimirClienteConMasOrMenosAfiches':
..\src\Controller.c:672:45: warning: passing argument 2 of 'cliente_findIdAndPrint' makes pointer from integer without a cast [-Wint-conversion]
  672 |   cliente_findIdAndPrint(pArrayListCliente, idMaximo);
      |                                             ^~~~~~~~
      |                                             |
      |                                             int
In file included from ..\src\Controller.c:5:
..\src\Cliente.h:37:50: note: expected 'void *' but argument is of type 'int'
   37 | int cliente_findIdAndPrint(void* pElement, void* id);
      |                                            ~~~~~~^~
..\src\Controller.c:675:45: warning: passing argument 2 of 'cliente_findIdAndPrint' makes pointer from integer without a cast [-Wint-conversion]
  675 |   cliente_findIdAndPrint(pArrayListCliente, idMinimo);
      |                                             ^~~~~~~~
      |                                             |
      |                                             int
In file included from ..\src\Controller.c:5:
..\src\Cliente.h:37:50: note: expected 'void *' but argument is of type 'int'
   37 | int cliente_findIdAndPrint(void* pElement, void* id);
      |                                            ~~~~~~^~
gcc -o Parcial_labo_2.exe "src\\Cliente.o" "src\\Controller.o" "src\\LinkedList.o" "src\\Parcial_labo_2.o" "src\\Ventas.o" "src\\menu.o" "src\\parser.o" "src\\validaciones.o" 
c:/mingw/bin/../lib/gcc/mingw32/9.2.0/../../../../mingw32/bin/ld.exe: cannot open output file Parcial_labo_2.exe: Permission denied
collect2.exe: error: ld returned 1 exit status
17:28:29 **** Incremental Build of configuration Debug for project Parcial_labo_2 ****
Info: Internal Builder is used for build
gcc -O0 -g3 -Wall -c -fmessage-length=0 -o "src\\Controller.o" "..\\src\\Controller.c" 
..\src\Controller.c: In function 'controller_removeCliente':
..\src\Controller.c:323:111: warning: passing argument 2 of 'cliente_findIdAndPrint' makes pointer from integer without a cast [-Wint-conversion]
  323 |    cliente_findIndexById(pArrayListCliente, auxId, &indexRemove) && cliente_findIdAndPrint(pArrayListCliente, auxId) &&
      |                                                                                                               ^~~~~
      |                                                                                                               |
      |                                                                                                               int
In file included from ..\src\Controller.c:5:
..\src\Cliente.h:37:50: note: expected 'void *' but argument is of type 'int'
   37 | int cliente_findIdAndPrint(void* pElement, void* id);
      |                                            ~~~~~~^~
..\src\Controller.c: In function 'controller_modifyClient':
..\src\Controller.c:386:46: warning: passing argument 2 of 'cliente_findIdAndPrint' makes pointer from integer without a cast [-Wint-conversion]
  386 |    cliente_findIdAndPrint(pArrayListCliente, auxId);
      |                                              ^~~~~
      |                                              |
      |                                              int
In file included from ..\src\Controller.c:5:
..\src\Cliente.h:37:50: note: expected 'void *' but argument is of type 'int'
   37 | int cliente_findIdAndPrint(void* pElement, void* id);
      |                                            ~~~~~~^~
..\src\Controller.c: In function 'controller_modifyVenta':
..\src\Controller.c:415:123: warning: passing argument 2 of 'cliente_findIdAndPrint' makes pointer from integer without a cast [-Wint-conversion]
  415 |    !(ventas_getIdCliente(ll_get(pArrayListVentas, indexModify), &idCliente)) && cliente_findIdAndPrint(pArrayListCliente, idCliente) &&
      |                                                                                                                           ^~~~~~~~~
      |                                                                                                                           |
      |                                                                                                                           int
In file included from ..\src\Controller.c:5:
..\src\Cliente.h:37:50: note: expected 'void *' but argument is of type 'int'
   37 | int cliente_findIdAndPrint(void* pElement, void* id);
      |                                            ~~~~~~^~
..\src\Controller.c: In function 'controller_imprimirVentaConMasAfiches':
..\src\Controller.c:587:45: warning: passing argument 2 of 'cliente_findIdAndPrint' makes pointer from integer without a cast [-Wint-conversion]
  587 |   cliente_findIdAndPrint(pArrayListCliente, idCliente);
      |                                             ^~~~~~~~~
      |                                             |
      |                                             int
In file included from ..\src\Controller.c:5:
..\src\Cliente.h:37:50: note: expected 'void *' but argument is of type 'int'
   37 | int cliente_findIdAndPrint(void* pElement, void* id);
      |                                            ~~~~~~^~
..\src\Controller.c: In function 'controller_imprimirClienteConMasOrMenosAfiches':
..\src\Controller.c:672:45: warning: passing argument 2 of 'cliente_findIdAndPrint' makes pointer from integer without a cast [-Wint-conversion]
  672 |   cliente_findIdAndPrint(pArrayListCliente, idMaximo);
      |                                             ^~~~~~~~
      |                                             |
      |                                             int
In file included from ..\src\Controller.c:5:
..\src\Cliente.h:37:50: note: expected 'void *' but argument is of type 'int'
   37 | int cliente_findIdAndPrint(void* pElement, void* id);
      |                                            ~~~~~~^~
..\src\Controller.c:675:45: warning: passing argument 2 of 'cliente_findIdAndPrint' makes pointer from integer without a cast [-Wint-conversion]
  675 |   cliente_findIdAndPrint(pArrayListCliente, idMinimo);
      |                                             ^~~~~~~~
      |                                             |
      |                                             int
In file included from ..\src\Controller.c:5:
..\src\Cliente.h:37:50: note: expected 'void *' but argument is of type 'int'
   37 | int cliente_findIdAndPrint(void* pElement, void* id);
      |                                            ~~~~~~^~
gcc -o Parcial_labo_2.exe "src\\Cliente.o" "src\\Controller.o" "src\\LinkedList.o" "src\\Parcial_labo_2.o" "src\\Ventas.o" "src\\menu.o" "src\\parser.o" "src\\validaciones.o" 
c:/mingw/bin/../lib/gcc/mingw32/9.2.0/../../../../mingw32/bin/ld.exe: cannot open output file Parcial_labo_2.exe: Permission denied
collect2.exe: error: ld returned 1 exit status
17:29:35 **** Incremental Build of configuration Debug for project Parcial_labo_2 ****
Info: Internal Builder is used for build
gcc -O0 -g3 -Wall -c -fmessage-length=0 -o "src\\Controller.o" "..\\src\\Controller.c" 
..\src\Controller.c: In function 'controller_removeCliente':
..\src\Controller.c:323:123: error: 'idCliente' undeclared (first use in this function); did you mean 'Cliente'?
  323 |    cliente_findIndexById(pArrayListCliente, auxId, &indexRemove) && ll_mapArg(pArrayListCliente, cliente_findIdAndPrint, &idCliente) == 0 &&
      |                                                                                                                           ^~~~~~~~~
      |                                                                                                                           Cliente
..\src\Controller.c:323:123: note: each undeclared identifier is reported only once for each function it appears in
..\src\Controller.c: In function 'controller_modifyClient':
..\src\Controller.c:386:46: warning: passing argument 2 of 'cliente_findIdAndPrint' makes pointer from integer without a cast [-Wint-conversion]
  386 |    cliente_findIdAndPrint(pArrayListCliente, auxId);
      |                                              ^~~~~
      |                                              |
      |                                              int
In file included from ..\src\Controller.c:5:
..\src\Cliente.h:37:50: note: expected 'void *' but argument is of type 'int'
   37 | int cliente_findIdAndPrint(void* pElement, void* id);
      |                                            ~~~~~~^~
..\src\Controller.c: In function 'controller_modifyVenta':
..\src\Controller.c:415:123: warning: passing argument 2 of 'cliente_findIdAndPrint' makes pointer from integer without a cast [-Wint-conversion]
  415 |    !(ventas_getIdCliente(ll_get(pArrayListVentas, indexModify), &idCliente)) && cliente_findIdAndPrint(pArrayListCliente, idCliente) &&
      |                                                                                                                           ^~~~~~~~~
      |                                                                                                                           |
      |                                                                                                                           int
In file included from ..\src\Controller.c:5:
..\src\Cliente.h:37:50: note: expected 'void *' but argument is of type 'int'
   37 | int cliente_findIdAndPrint(void* pElement, void* id);
      |                                            ~~~~~~^~
..\src\Controller.c: In function 'controller_imprimirClienteConMasOrMenosAfiches':
..\src\Controller.c:672:45: warning: passing argument 2 of 'cliente_findIdAndPrint' makes pointer from integer without a cast [-Wint-conversion]
  672 |   cliente_findIdAndPrint(pArrayListCliente, idMaximo);
      |                                             ^~~~~~~~
      |                                             |
      |                                             int
In file included from ..\src\Controller.c:5:
..\src\Cliente.h:37:50: note: expected 'void *' but argument is of type 'int'
   37 | int cliente_findIdAndPrint(void* pElement, void* id);
      |                                            ~~~~~~^~
..\src\Controller.c:675:45: warning: passing argument 2 of 'cliente_findIdAndPrint' makes pointer from integer without a cast [-Wint-conversion]
  675 |   cliente_findIdAndPrint(pArrayListCliente, idMinimo);
      |                                             ^~~~~~~~
      |                                             |
      |                                             int
In file included from ..\src\Controller.c:5:
..\src\Cliente.h:37:50: note: expected 'void *' but argument is of type 'int'
   37 | int cliente_findIdAndPrint(void* pElement, void* id);
      |                                            ~~~~~~^~
17:29:55 **** Incremental Build of configuration Debug for project Parcial_labo_2 ****
Info: Internal Builder is used for build
gcc -O0 -g3 -Wall -c -fmessage-length=0 -o "src\\Controller.o" "..\\src\\Controller.c" 
..\src\Controller.c: In function 'controller_modifyClient':
..\src\Controller.c:386:46: warning: passing argument 2 of 'cliente_findIdAndPrint' makes pointer from integer without a cast [-Wint-conversion]
  386 |    cliente_findIdAndPrint(pArrayListCliente, auxId);
      |                                              ^~~~~
      |                                              |
      |                                              int
In file included from ..\src\Controller.c:5:
..\src\Cliente.h:37:50: note: expected 'void *' but argument is of type 'int'
   37 | int cliente_findIdAndPrint(void* pElement, void* id);
      |                                            ~~~~~~^~
..\src\Controller.c: In function 'controller_modifyVenta':
..\src\Controller.c:415:123: warning: passing argument 2 of 'cliente_findIdAndPrint' makes pointer from integer without a cast [-Wint-conversion]
  415 |    !(ventas_getIdCliente(ll_get(pArrayListVentas, indexModify), &idCliente)) && cliente_findIdAndPrint(pArrayListCliente, idCliente) &&
      |                                                                                                                           ^~~~~~~~~
      |                                                                                                                           |
      |                                                                                                                           int
In file included from ..\src\Controller.c:5:
..\src\Cliente.h:37:50: note: expected 'void *' but argument is of type 'int'
   37 | int cliente_findIdAndPrint(void* pElement, void* id);
      |                                            ~~~~~~^~
..\src\Controller.c: In function 'controller_imprimirClienteConMasOrMenosAfiches':
..\src\Controller.c:672:45: warning: passing argument 2 of 'cliente_findIdAndPrint' makes pointer from integer without a cast [-Wint-conversion]
  672 |   cliente_findIdAndPrint(pArrayListCliente, idMaximo);
      |                                             ^~~~~~~~
      |                                             |
      |                                             int
In file included from ..\src\Controller.c:5:
..\src\Cliente.h:37:50: note: expected 'void *' but argument is of type 'int'
   37 | int cliente_findIdAndPrint(void* pElement, void* id);
      |                                            ~~~~~~^~
..\src\Controller.c:675:45: warning: passing argument 2 of 'cliente_findIdAndPrint' makes pointer from integer without a cast [-Wint-conversion]
  675 |   cliente_findIdAndPrint(pArrayListCliente, idMinimo);
      |                                             ^~~~~~~~
      |                                             |
      |                                             int
In file included from ..\src\Controller.c:5:
..\src\Cliente.h:37:50: note: expected 'void *' but argument is of type 'int'
   37 | int cliente_findIdAndPrint(void* pElement, void* id);
      |                                            ~~~~~~^~
gcc -o Parcial_labo_2.exe "src\\Cliente.o" "src\\Controller.o" "src\\LinkedList.o" "src\\Parcial_labo_2.o" "src\\Ventas.o" "src\\menu.o" "src\\parser.o" "src\\validaciones.o" 
c:/mingw/bin/../lib/gcc/mingw32/9.2.0/../../../../mingw32/bin/ld.exe: cannot open output file Parcial_labo_2.exe: Permission denied
collect2.exe: error: ld returned 1 exit status
17:30:58 **** Incremental Build of configuration Debug for project Parcial_labo_2 ****
Info: Internal Builder is used for build
gcc -O0 -g3 -Wall -c -fmessage-length=0 -o "src\\Controller.o" "..\\src\\Controller.c" 
..\src\Controller.c: In function 'controller_modifyVenta':
..\src\Controller.c:415:123: warning: passing argument 2 of 'cliente_findIdAndPrint' makes pointer from integer without a cast [-Wint-conversion]
  415 |    !(ventas_getIdCliente(ll_get(pArrayListVentas, indexModify), &idCliente)) && cliente_findIdAndPrint(pArrayListCliente, idCliente) &&
      |                                                                                                                           ^~~~~~~~~
      |                                                                                                                           |
      |                                                                                                                           int
In file included from ..\src\Controller.c:5:
..\src\Cliente.h:37:50: note: expected 'void *' but argument is of type 'int'
   37 | int cliente_findIdAndPrint(void* pElement, void* id);
      |                                            ~~~~~~^~
gcc -o Parcial_labo_2.exe "src\\Cliente.o" "src\\Controller.o" "src\\LinkedList.o" "src\\Parcial_labo_2.o" "src\\Ventas.o" "src\\menu.o" "src\\parser.o" "src\\validaciones.o" 
c:/mingw/bin/../lib/gcc/mingw32/9.2.0/../../../../mingw32/bin/ld.exe: cannot open output file Parcial_labo_2.exe: Permission denied
collect2.exe: error: ld returned 1 exit status
17:31:21 **** Incremental Build of configuration Debug for project Parcial_labo_2 ****
Info: Internal Builder is used for build
gcc -O0 -g3 -Wall -c -fmessage-length=0 -o "src\\Controller.o" "..\\src\\Controller.c" 
gcc -o Parcial_labo_2.exe "src\\Cliente.o" "src\\Controller.o" "src\\LinkedList.o" "src\\Parcial_labo_2.o" "src\\Ventas.o" "src\\menu.o" "src\\parser.o" "src\\validaciones.o" 
c:/mingw/bin/../lib/gcc/mingw32/9.2.0/../../../../mingw32/bin/ld.exe: cannot open output file Parcial_labo_2.exe: Permission denied
collect2.exe: error: ld returned 1 exit status
17:32:33 **** Incremental Build of configuration Debug for project Parcial_labo_2 ****
Info: Internal Builder is used for build
gcc -o Parcial_labo_2.exe "src\\Cliente.o" "src\\Controller.o" "src\\LinkedList.o" "src\\Parcial_labo_2.o" "src\\Ventas.o" "src\\menu.o" "src\\parser.o" "src\\validaciones.o" 
c:/mingw/bin/../lib/gcc/mingw32/9.2.0/../../../../mingw32/bin/ld.exe: cannot open output file Parcial_labo_2.exe: Permission denied
collect2.exe: error: ld returned 1 exit status
17:32:35 **** Incremental Build of configuration Debug for project Parcial_labo_2 ****
Info: Internal Builder is used for build
gcc -o Parcial_labo_2.exe "src\\Cliente.o" "src\\Controller.o" "src\\LinkedList.o" "src\\Parcial_labo_2.o" "src\\Ventas.o" "src\\menu.o" "src\\parser.o" "src\\validaciones.o" 
17:33:41 **** Incremental Build of configuration Debug for project Parcial_labo_2 ****
Info: Internal Builder is used for build
gcc -O0 -g3 -Wall -c -fmessage-length=0 -o "src\\Controller.o" "..\\src\\Controller.c" 
gcc -o Parcial_labo_2.exe "src\\Cliente.o" "src\\Controller.o" "src\\LinkedList.o" "src\\Parcial_labo_2.o" "src\\Ventas.o" "src\\menu.o" "src\\parser.o" "src\\validaciones.o" 
c:/mingw/bin/../lib/gcc/mingw32/9.2.0/../../../../mingw32/bin/ld.exe: cannot open output file Parcial_labo_2.exe: Permission denied
collect2.exe: error: ld returned 1 exit status
17:33:42 **** Incremental Build of configuration Debug for project Parcial_labo_2 ****
Info: Internal Builder is used for build
gcc -o Parcial_labo_2.exe "src\\Cliente.o" "src\\Controller.o" "src\\LinkedList.o" "src\\Parcial_labo_2.o" "src\\Ventas.o" "src\\menu.o" "src\\parser.o" "src\\validaciones.o" 
17:34:40 **** Incremental Build of configuration Debug for project Parcial_labo_2 ****
Info: Internal Builder is used for build
gcc -O0 -g3 -Wall -c -fmessage-length=0 -o "src\\Controller.o" "..\\src\\Controller.c" 
gcc -o Parcial_labo_2.exe "src\\Cliente.o" "src\\Controller.o" "src\\LinkedList.o" "src\\Parcial_labo_2.o" "src\\Ventas.o" "src\\menu.o" "src\\parser.o" "src\\validaciones.o" 
c:/mingw/bin/../lib/gcc/mingw32/9.2.0/../../../../mingw32/bin/ld.exe: cannot open output file Parcial_labo_2.exe: Permission denied
collect2.exe: error: ld returned 1 exit status
17:34:40 **** Incremental Build of configuration Debug for project Parcial_labo_2 ****
Info: Internal Builder is used for build
gcc -o Parcial_labo_2.exe "src\\Cliente.o" "src\\Controller.o" "src\\LinkedList.o" "src\\Parcial_labo_2.o" "src\\Ventas.o" "src\\menu.o" "src\\parser.o" "src\\validaciones.o" 
c:/mingw/bin/../lib/gcc/mingw32/9.2.0/../../../../mingw32/bin/ld.exe: cannot open output file Parcial_labo_2.exe: Permission denied
collect2.exe: error: ld returned 1 exit status
17:34:41 **** Incremental Build of configuration Debug for project Parcial_labo_2 ****
Info: Internal Builder is used for build
gcc -o Parcial_labo_2.exe "src\\Cliente.o" "src\\Controller.o" "src\\LinkedList.o" "src\\Parcial_labo_2.o" "src\\Ventas.o" "src\\menu.o" "src\\parser.o" "src\\validaciones.o" 
17:36:09 **** Incremental Build of configuration Debug for project Parcial_labo_2 ****
Info: Internal Builder is used for build
gcc -O0 -g3 -Wall -c -fmessage-length=0 -o "src\\Cliente.o" "..\\src\\Cliente.c" 
..\src\Cliente.c: In function 'cliente_findIdAndPrint':
..\src\Cliente.c:367:3: warning: 'auxId' may be used uninitialized in this function [-Wmaybe-uninitialized]
  367 |   printf("\n1= %d\n",auxId);
      |   ^~~~~~~~~~~~~~~~~~~~~~~~~
gcc -o Parcial_labo_2.exe "src\\Cliente.o" "src\\Controller.o" "src\\LinkedList.o" "src\\Parcial_labo_2.o" "src\\Ventas.o" "src\\menu.o" "src\\parser.o" "src\\validaciones.o" 
c:/mingw/bin/../lib/gcc/mingw32/9.2.0/../../../../mingw32/bin/ld.exe: cannot open output file Parcial_labo_2.exe: Permission denied
collect2.exe: error: ld returned 1 exit status
17:36:57 **** Incremental Build of configuration Debug for project Parcial_labo_2 ****
Info: Internal Builder is used for build
gcc -O0 -g3 -Wall -c -fmessage-length=0 -o "src\\Cliente.o" "..\\src\\Cliente.c" 
gcc -o Parcial_labo_2.exe "src\\Cliente.o" "src\\Controller.o" "src\\LinkedList.o" "src\\Parcial_labo_2.o" "src\\Ventas.o" "src\\menu.o" "src\\parser.o" "src\\validaciones.o" 
c:/mingw/bin/../lib/gcc/mingw32/9.2.0/../../../../mingw32/bin/ld.exe: cannot open output file Parcial_labo_2.exe: Permission denied
collect2.exe: error: ld returned 1 exit status
17:36:59 **** Incremental Build of configuration Debug for project Parcial_labo_2 ****
Info: Internal Builder is used for build
gcc -o Parcial_labo_2.exe "src\\Cliente.o" "src\\Controller.o" "src\\LinkedList.o" "src\\Parcial_labo_2.o" "src\\Ventas.o" "src\\menu.o" "src\\parser.o" "src\\validaciones.o" 
17:38:08 **** Incremental Build of configuration Debug for project Parcial_labo_2 ****
Info: Internal Builder is used for build
gcc -O0 -g3 -Wall -c -fmessage-length=0 -o "src\\Controller.o" "..\\src\\Controller.c" 
gcc -O0 -g3 -Wall -c -fmessage-length=0 -o "src\\Cliente.o" "..\\src\\Cliente.c" 
gcc -o Parcial_labo_2.exe "src\\Cliente.o" "src\\Controller.o" "src\\LinkedList.o" "src\\Parcial_labo_2.o" "src\\Ventas.o" "src\\menu.o" "src\\parser.o" "src\\validaciones.o" 
c:/mingw/bin/../lib/gcc/mingw32/9.2.0/../../../../mingw32/bin/ld.exe: cannot open output file Parcial_labo_2.exe: Permission denied
collect2.exe: error: ld returned 1 exit status
17:38:10 **** Incremental Build of configuration Debug for project Parcial_labo_2 ****
Info: Internal Builder is used for build
gcc -o Parcial_labo_2.exe "src\\Cliente.o" "src\\Controller.o" "src\\LinkedList.o" "src\\Parcial_labo_2.o" "src\\Ventas.o" "src\\menu.o" "src\\parser.o" "src\\validaciones.o" 
Info: Nothing to build for Parcial_labo_2
Info: Nothing to build for Parcial_labo_2
17:40:08 **** Incremental Build of configuration Debug for project Parcial_labo_2 ****
Info: Internal Builder is used for build
gcc -O0 -g3 -Wall -c -fmessage-length=0 -o "src\\Parcial_labo_2.o" "..\\src\\Parcial_labo_2.c" 
gcc -o Parcial_labo_2.exe "src\\Cliente.o" "src\\Controller.o" "src\\LinkedList.o" "src\\Parcial_labo_2.o" "src\\Ventas.o" "src\\menu.o" "src\\parser.o" "src\\validaciones.o" 
c:/mingw/bin/../lib/gcc/mingw32/9.2.0/../../../../mingw32/bin/ld.exe: cannot open output file Parcial_labo_2.exe: Permission denied
collect2.exe: error: ld returned 1 exit status
17:40:09 **** Incremental Build of configuration Debug for project Parcial_labo_2 ****
Info: Internal Builder is used for build
gcc -o Parcial_labo_2.exe "src\\Cliente.o" "src\\Controller.o" "src\\LinkedList.o" "src\\Parcial_labo_2.o" "src\\Ventas.o" "src\\menu.o" "src\\parser.o" "src\\validaciones.o" 
17:40:53 **** Incremental Build of configuration Debug for project Parcial_labo_2 ****
Info: Internal Builder is used for build
gcc -O0 -g3 -Wall -c -fmessage-length=0 -o "src\\Controller.o" "..\\src\\Controller.c" 
gcc -o Parcial_labo_2.exe "src\\Cliente.o" "src\\Controller.o" "src\\LinkedList.o" "src\\Parcial_labo_2.o" "src\\Ventas.o" "src\\menu.o" "src\\parser.o" "src\\validaciones.o" 
c:/mingw/bin/../lib/gcc/mingw32/9.2.0/../../../../mingw32/bin/ld.exe: cannot open output file Parcial_labo_2.exe: Permission denied
collect2.exe: error: ld returned 1 exit status
17:40:55 **** Incremental Build of configuration Debug for project Parcial_labo_2 ****
Info: Internal Builder is used for build
gcc -o Parcial_labo_2.exe "src\\Cliente.o" "src\\Controller.o" "src\\LinkedList.o" "src\\Parcial_labo_2.o" "src\\Ventas.o" "src\\menu.o" "src\\parser.o" "src\\validaciones.o" 
17:43:05 **** Incremental Build of configuration Debug for project Parcial_labo_2 ****
Info: Internal Builder is used for build
gcc -O0 -g3 -Wall -c -fmessage-length=0 -o "src\\Controller.o" "..\\src\\Controller.c" 
gcc -o Parcial_labo_2.exe "src\\Cliente.o" "src\\Controller.o" "src\\LinkedList.o" "src\\Parcial_labo_2.o" "src\\Ventas.o" "src\\menu.o" "src\\parser.o" "src\\validaciones.o" 
Info: Nothing to build for Parcial_labo_2
Info: Nothing to build for Parcial_labo_2
17:44:56 **** Incremental Build of configuration Debug for project Parcial_labo_2 ****
Info: Internal Builder is used for build
gcc -O0 -g3 -Wall -c -fmessage-length=0 -o "src\\Parcial_labo_2.o" "..\\src\\Parcial_labo_2.c" 
gcc -o Parcial_labo_2.exe "src\\Cliente.o" "src\\Controller.o" "src\\LinkedList.o" "src\\Parcial_labo_2.o" "src\\Ventas.o" "src\\menu.o" "src\\parser.o" "src\\validaciones.o" 
17:52:52 **** Incremental Build of configuration Debug for project Parcial_labo_2 ****
Info: Internal Builder is used for build
gcc -O0 -g3 -Wall -c -fmessage-length=0 -o "src\\LinkedList.o" "..\\src\\LinkedList.c" 
gcc -O0 -g3 -Wall -c -fmessage-length=0 -o "src\\Informes.o" "..\\src\\Informes.c" 
gcc -O0 -g3 -Wall -c -fmessage-length=0 -o "src\\Controller.o" "..\\src\\Controller.c" 
gcc -o Parcial_labo_2.exe "src\\Cliente.o" "src\\Controller.o" "src\\Informes.o" "src\\LinkedList.o" "src\\Parcial_labo_2.o" "src\\Ventas.o" "src\\menu.o" "src\\parser.o" "src\\validaciones.o" 
c:/mingw/bin/../lib/gcc/mingw32/9.2.0/../../../../mingw32/bin/ld.exe: cannot open output file Parcial_labo_2.exe: Permission denied
collect2.exe: error: ld returned 1 exit status
17:57:07 **** Incremental Build of configuration Debug for project Parcial_labo_2 ****
Info: Internal Builder is used for build
gcc -O0 -g3 -Wall -c -fmessage-length=0 -o "src\\Controller.o" "..\\src\\Controller.c" 
gcc -O0 -g3 -Wall -c -fmessage-length=0 -o "src\\Parcial_labo_2.o" "..\\src\\Parcial_labo_2.c" 
..\src\Parcial_labo_2.c: In function 'main':
..\src\Parcial_labo_2.c:22:17: warning: variable 'listaVentasFiltrada' set but not used [-Wunused-but-set-variable]
   22 |     LinkedList* listaVentasFiltrada = ll_newLinkedList();
      |                 ^~~~~~~~~~~~~~~~~~~
gcc -O0 -g3 -Wall -c -fmessage-length=0 -o "src\\Informes.o" "..\\src\\Informes.c" 
gcc -O0 -g3 -Wall -c -fmessage-length=0 -o "src\\Ventas.o" "..\\src\\Ventas.c" 
gcc -o Parcial_labo_2.exe "src\\Cliente.o" "src\\Controller.o" "src\\Informes.o" "src\\LinkedList.o" "src\\Parcial_labo_2.o" "src\\Ventas.o" "src\\menu.o" "src\\parser.o" "src\\validaciones.o" 
c:/mingw/bin/../lib/gcc/mingw32/9.2.0/../../../../mingw32/bin/ld.exe: cannot open output file Parcial_labo_2.exe: Permission denied
collect2.exe: error: ld returned 1 exit status
18:01:39 **** Incremental Build of configuration Debug for project Parcial_labo_2 ****
Info: Internal Builder is used for build
gcc -O0 -g3 -Wall -c -fmessage-length=0 -o "src\\Ventas.o" "..\\src\\Ventas.c" 
gcc -O0 -g3 -Wall -c -fmessage-length=0 -o "src\\Controller.o" "..\\src\\Controller.c" 
..\src\Controller.c: In function 'controller_generarInformes':
..\src\Controller.c:571:8: warning: implicit declaration of function 'informes_imprimirClienteConMasOrMenosAfiches' [-Wimplicit-function-declaration]
  571 |   if(!(informes_imprimirClienteConMasOrMenosAfiches(pArrayListVentas, pArrayListCliente)) &&
      |        ^~~~~~~~~~~~~~~~~~~~~~~~~~~~~~~~~~~~~~~~~~~~
..\src\Controller.c:572:6: warning: implicit declaration of function 'informes_imprimirVentaConMasAfiches' [-Wimplicit-function-declaration]
  572 |    !(informes_imprimirVentaConMasAfiches(pArrayListVentas, pArrayListCliente)))
      |      ^~~~~~~~~~~~~~~~~~~~~~~~~~~~~~~~~~~
gcc -O0 -g3 -Wall -c -fmessage-length=0 -o "src\\Parcial_labo_2.o" "..\\src\\Parcial_labo_2.c" 
gcc -o Parcial_labo_2.exe "src\\Cliente.o" "src\\Controller.o" "src\\Informes.o" "src\\LinkedList.o" "src\\Parcial_labo_2.o" "src\\Ventas.o" "src\\menu.o" "src\\parser.o" "src\\validaciones.o" 
c:/mingw/bin/../lib/gcc/mingw32/9.2.0/../../../../mingw32/bin/ld.exe: cannot open output file Parcial_labo_2.exe: Permission denied
collect2.exe: error: ld returned 1 exit status
18:02:07 **** Incremental Build of configuration Debug for project Parcial_labo_2 ****
Info: Internal Builder is used for build
gcc -O0 -g3 -Wall -c -fmessage-length=0 -o "src\\Controller.o" "..\\src\\Controller.c" 
gcc -o Parcial_labo_2.exe "src\\Cliente.o" "src\\Controller.o" "src\\Informes.o" "src\\LinkedList.o" "src\\Parcial_labo_2.o" "src\\Ventas.o" "src\\menu.o" "src\\parser.o" "src\\validaciones.o" 
c:/mingw/bin/../lib/gcc/mingw32/9.2.0/../../../../mingw32/bin/ld.exe: cannot open output file Parcial_labo_2.exe: Permission denied
collect2.exe: error: ld returned 1 exit status
18:02:08 **** Incremental Build of configuration Debug for project Parcial_labo_2 ****
Info: Internal Builder is used for build
gcc -o Parcial_labo_2.exe "src\\Cliente.o" "src\\Controller.o" "src\\Informes.o" "src\\LinkedList.o" "src\\Parcial_labo_2.o" "src\\Ventas.o" "src\\menu.o" "src\\parser.o" "src\\validaciones.o" 
18:05:56 **** Incremental Build of configuration Debug for project Parcial_labo_2 ****
Info: Internal Builder is used for build
gcc -O0 -g3 -Wall -c -fmessage-length=0 -o "src\\Controller.o" "..\\src\\Controller.c" 
gcc -o Parcial_labo_2.exe "src\\Cliente.o" "src\\Controller.o" "src\\Informes.o" "src\\LinkedList.o" "src\\Parcial_labo_2.o" "src\\Ventas.o" "src\\menu.o" "src\\parser.o" "src\\validaciones.o" 
c:/mingw/bin/../lib/gcc/mingw32/9.2.0/../../../../mingw32/bin/ld.exe: cannot open output file Parcial_labo_2.exe: Permission denied
collect2.exe: error: ld returned 1 exit status
18:05:57 **** Incremental Build of configuration Debug for project Parcial_labo_2 ****
Info: Internal Builder is used for build
gcc -o Parcial_labo_2.exe "src\\Cliente.o" "src\\Controller.o" "src\\Informes.o" "src\\LinkedList.o" "src\\Parcial_labo_2.o" "src\\Ventas.o" "src\\menu.o" "src\\parser.o" "src\\validaciones.o" 
17:54:41 **** Incremental Build of configuration Debug for project Parcial_labo_2 ****
Info: Internal Builder is used for build
gcc -O0 -g3 -Wall -c -fmessage-length=0 -o "src\\LinkedList.o" "..\\src\\LinkedList.c" 
gcc -O0 -g3 -Wall -c -fmessage-length=0 -o "src\\Ventas.o" "..\\src\\Ventas.c" 
gcc -O0 -g3 -Wall -c -fmessage-length=0 -o "src\\Parcial_labo_2.o" "..\\src\\Parcial_labo_2.c" 
gcc -O0 -g3 -Wall -c -fmessage-length=0 -o "src\\Cliente.o" "..\\src\\Cliente.c" 
gcc -O0 -g3 -Wall -c -fmessage-length=0 -o "src\\Informes.o" "..\\src\\Informes.c" 
gcc -O0 -g3 -Wall -c -fmessage-length=0 -o "src\\parser.o" "..\\src\\parser.c" 
gcc -O0 -g3 -Wall -c -fmessage-length=0 -o "src\\Controller.o" "..\\src\\Controller.c" 
gcc -o Parcial_labo_2.exe "src\\Cliente.o" "src\\Controller.o" "src\\Informes.o" "src\\LinkedList.o" "src\\Parcial_labo_2.o" "src\\Ventas.o" "src\\menu.o" "src\\parser.o" "src\\validaciones.o" 
Info: Nothing to build for Parcial_labo_2
17:56:23 **** Incremental Build of configuration Debug for project Parcial_labo_2 ****
Info: Internal Builder is used for build
gcc -O0 -g3 -Wall -c -fmessage-length=0 -o "src\\Controller.o" "..\\src\\Controller.c" 
gcc -o Parcial_labo_2.exe "src\\Cliente.o" "src\\Controller.o" "src\\Informes.o" "src\\LinkedList.o" "src\\Parcial_labo_2.o" "src\\Ventas.o" "src\\menu.o" "src\\parser.o" "src\\validaciones.o" 
c:/mingw/bin/../lib/gcc/mingw32/9.2.0/../../../../mingw32/bin/ld.exe: cannot open output file Parcial_labo_2.exe: Permission denied
collect2.exe: error: ld returned 1 exit status
17:56:25 **** Incremental Build of configuration Debug for project Parcial_labo_2 ****
Info: Internal Builder is used for build
gcc -o Parcial_labo_2.exe "src\\Cliente.o" "src\\Controller.o" "src\\Informes.o" "src\\LinkedList.o" "src\\Parcial_labo_2.o" "src\\Ventas.o" "src\\menu.o" "src\\parser.o" "src\\validaciones.o" 
Info: Nothing to build for Parcial_labo_2
Info: Nothing to build for Parcial_labo_2
18:09:11 **** Incremental Build of configuration Debug for project Parcial_labo_2 ****
Info: Internal Builder is used for build
gcc -O0 -g3 -Wall -c -fmessage-length=0 -o "src\\Parcial_labo_2.o" "..\\src\\Parcial_labo_2.c" 
gcc -o Parcial_labo_2.exe "src\\Cliente.o" "src\\Controller.o" "src\\Informes.o" "src\\LinkedList.o" "src\\Parcial_labo_2.o" "src\\Ventas.o" "src\\menu.o" "src\\parser.o" "src\\validaciones.o" 
c:/mingw/bin/../lib/gcc/mingw32/9.2.0/../../../../mingw32/bin/ld.exe: cannot open output file Parcial_labo_2.exe: Permission denied
collect2.exe: error: ld returned 1 exit status
18:09:12 **** Incremental Build of configuration Debug for project Parcial_labo_2 ****
Info: Internal Builder is used for build
gcc -o Parcial_labo_2.exe "src\\Cliente.o" "src\\Controller.o" "src\\Informes.o" "src\\LinkedList.o" "src\\Parcial_labo_2.o" "src\\Ventas.o" "src\\menu.o" "src\\parser.o" "src\\validaciones.o" 
Info: Nothing to build for Parcial_labo_2
Info: Nothing to build for Parcial_labo_2
18:11:02 **** Incremental Build of configuration Debug for project Parcial_labo_2 ****
Info: Internal Builder is used for build
gcc -O0 -g3 -Wall -c -fmessage-length=0 -o "src\\LinkedList.o" "..\\src\\LinkedList.c" 
..\src\LinkedList.c: In function 'll_filter':
..\src\LinkedList.c:582:14: warning: unused variable 'newList' [-Wunused-variable]
  582 |  LinkedList* newList = ll_clone(this);
      |              ^~~~~~~
gcc -o Parcial_labo_2.exe "src\\Cliente.o" "src\\Controller.o" "src\\Informes.o" "src\\LinkedList.o" "src\\Parcial_labo_2.o" "src\\Ventas.o" "src\\menu.o" "src\\parser.o" "src\\validaciones.o" 
c:/mingw/bin/../lib/gcc/mingw32/9.2.0/../../../../mingw32/bin/ld.exe: cannot open output file Parcial_labo_2.exe: Permission denied
collect2.exe: error: ld returned 1 exit status
18:11:03 **** Incremental Build of configuration Debug for project Parcial_labo_2 ****
Info: Internal Builder is used for build
gcc -o Parcial_labo_2.exe "src\\Cliente.o" "src\\Controller.o" "src\\Informes.o" "src\\LinkedList.o" "src\\Parcial_labo_2.o" "src\\Ventas.o" "src\\menu.o" "src\\parser.o" "src\\validaciones.o" 
18:11:15 **** Incremental Build of configuration Debug for project Parcial_labo_2 ****
Info: Internal Builder is used for build
gcc -O0 -g3 -Wall -c -fmessage-length=0 -o "src\\LinkedList.o" "..\\src\\LinkedList.c" 
gcc -o Parcial_labo_2.exe "src\\Cliente.o" "src\\Controller.o" "src\\Informes.o" "src\\LinkedList.o" "src\\Parcial_labo_2.o" "src\\Ventas.o" "src\\menu.o" "src\\parser.o" "src\\validaciones.o" 
c:/mingw/bin/../lib/gcc/mingw32/9.2.0/../../../../mingw32/bin/ld.exe: cannot open output file Parcial_labo_2.exe: Permission denied
collect2.exe: error: ld returned 1 exit status
18:11:17 **** Incremental Build of configuration Debug for project Parcial_labo_2 ****
Info: Internal Builder is used for build
gcc -o Parcial_labo_2.exe "src\\Cliente.o" "src\\Controller.o" "src\\Informes.o" "src\\LinkedList.o" "src\\Parcial_labo_2.o" "src\\Ventas.o" "src\\menu.o" "src\\parser.o" "src\\validaciones.o" 
18:17:41 **** Incremental Build of configuration Debug for project Parcial_labo_2 ****
Info: Internal Builder is used for build
gcc -O0 -g3 -Wall -c -fmessage-length=0 -o "src\\Informes.o" "..\\src\\Informes.c" 
gcc -O0 -g3 -Wall -c -fmessage-length=0 -o "src\\parser.o" "..\\src\\parser.c" 
gcc -O0 -g3 -Wall -c -fmessage-length=0 -o "src\\Ventas.o" "..\\src\\Ventas.c" 
gcc -O0 -g3 -Wall -c -fmessage-length=0 -o "src\\Controller.o" "..\\src\\Controller.c" 
gcc -O0 -g3 -Wall -c -fmessage-length=0 -o "src\\Parcial_labo_2.o" "..\\src\\Parcial_labo_2.c" 
gcc -o Parcial_labo_2.exe "src\\Cliente.o" "src\\Controller.o" "src\\Informes.o" "src\\LinkedList.o" "src\\Parcial_labo_2.o" "src\\Ventas.o" "src\\menu.o" "src\\parser.o" "src\\validaciones.o" 
c:/mingw/bin/../lib/gcc/mingw32/9.2.0/../../../../mingw32/bin/ld.exe: cannot open output file Parcial_labo_2.exe: Permission denied
collect2.exe: error: ld returned 1 exit status
18:18:03 **** Incremental Build of configuration Debug for project Parcial_labo_2 ****
Info: Internal Builder is used for build
gcc -o Parcial_labo_2.exe "src\\Cliente.o" "src\\Controller.o" "src\\Informes.o" "src\\LinkedList.o" "src\\Parcial_labo_2.o" "src\\Ventas.o" "src\\menu.o" "src\\parser.o" "src\\validaciones.o" 
c:/mingw/bin/../lib/gcc/mingw32/9.2.0/../../../../mingw32/bin/ld.exe: cannot open output file Parcial_labo_2.exe: Permission denied
collect2.exe: error: ld returned 1 exit status
18:18:04 **** Incremental Build of configuration Debug for project Parcial_labo_2 ****
Info: Internal Builder is used for build
gcc -o Parcial_labo_2.exe "src\\Cliente.o" "src\\Controller.o" "src\\Informes.o" "src\\LinkedList.o" "src\\Parcial_labo_2.o" "src\\Ventas.o" "src\\menu.o" "src\\parser.o" "src\\validaciones.o" 
Info: Nothing to build for Parcial_labo_2
18:22:13 **** Incremental Build of configuration Debug for project Parcial_labo_2 ****
Info: Internal Builder is used for build
gcc -O0 -g3 -Wall -c -fmessage-length=0 -o "src\\Ventas.o" "..\\src\\Ventas.c" 
gcc -o Parcial_labo_2.exe "src\\Cliente.o" "src\\Controller.o" "src\\Informes.o" "src\\LinkedList.o" "src\\Parcial_labo_2.o" "src\\Ventas.o" "src\\menu.o" "src\\parser.o" "src\\validaciones.o" 
c:/mingw/bin/../lib/gcc/mingw32/9.2.0/../../../../mingw32/bin/ld.exe: cannot open output file Parcial_labo_2.exe: Permission denied
collect2.exe: error: ld returned 1 exit status
18:22:14 **** Incremental Build of configuration Debug for project Parcial_labo_2 ****
Info: Internal Builder is used for build
gcc -o Parcial_labo_2.exe "src\\Cliente.o" "src\\Controller.o" "src\\Informes.o" "src\\LinkedList.o" "src\\Parcial_labo_2.o" "src\\Ventas.o" "src\\menu.o" "src\\parser.o" "src\\validaciones.o" 
18:24:16 **** Incremental Build of configuration Debug for project Parcial_labo_2 ****
Info: Internal Builder is used for build
gcc -O0 -g3 -Wall -c -fmessage-length=0 -o "src\\Controller.o" "..\\src\\Controller.c" 
gcc -O0 -g3 -Wall -c -fmessage-length=0 -o "src\\Informes.o" "..\\src\\Informes.c" 
gcc -O0 -g3 -Wall -c -fmessage-length=0 -o "src\\Ventas.o" "..\\src\\Ventas.c" 
gcc -O0 -g3 -Wall -c -fmessage-length=0 -o "src\\Parcial_labo_2.o" "..\\src\\Parcial_labo_2.c" 
gcc -O0 -g3 -Wall -c -fmessage-length=0 -o "src\\parser.o" "..\\src\\parser.c" 
gcc -o Parcial_labo_2.exe "src\\Cliente.o" "src\\Controller.o" "src\\Informes.o" "src\\LinkedList.o" "src\\Parcial_labo_2.o" "src\\Ventas.o" "src\\menu.o" "src\\parser.o" "src\\validaciones.o" 
c:/mingw/bin/../lib/gcc/mingw32/9.2.0/../../../../mingw32/bin/ld.exe: cannot open output file Parcial_labo_2.exe: Permission denied
collect2.exe: error: ld returned 1 exit status
18:24:19 **** Incremental Build of configuration Debug for project Parcial_labo_2 ****
Info: Internal Builder is used for build
gcc -o Parcial_labo_2.exe "src\\Cliente.o" "src\\Controller.o" "src\\Informes.o" "src\\LinkedList.o" "src\\Parcial_labo_2.o" "src\\Ventas.o" "src\\menu.o" "src\\parser.o" "src\\validaciones.o" 
